\BOOKMARK [1][-]{section.1}{\376\377\000T\000h\000\364\000n\000g\000\040\000t\000i\000n\000\040\000s\000i\000n\000h\000\040\000v\000i\000\352\000n}{}% 1
\BOOKMARK [1][-]{section.2}{\376\377\000G\000i\036\333\000i\000\040\000t\000h\000i\036\307\000u}{}% 2
\BOOKMARK [1][-]{section.3}{\376\377\000P\000h\000\342\000n\000\040\000c\000\364\000n\000g\000\040\000c\000h\000i\000\040\000t\000i\036\277\000t}{}% 3
\BOOKMARK [2][-]{subsection.3.1}{\376\377\000P\000l\000a\000n\000n\000i\000n\000g}{section.3}% 4
\BOOKMARK [2][-]{subsection.3.2}{\376\377\000I\000m\000p\000l\000e\000m\000e\000n\000t\000a\000t\000i\000o\000n}{section.3}% 5
\BOOKMARK [2][-]{subsection.3.3}{\376\377\000M\000e\000r\000g\000e}{section.3}% 6
\BOOKMARK [2][-]{subsection.3.4}{\376\377\000T\000e\000s\000t\000i\000n\000g\000\040\000-\000\040\000R\000e\000p\000o\000r\000t\000\040\000-\000\040\000D\000e\000m\000o}{section.3}% 7
\BOOKMARK [1][-]{section.4}{\376\377\000K\000i\036\277\000n\000\040\000t\000r\000\372\000c\000\040\000h\036\307\000\040\000t\000h\036\321\000n\000g}{}% 8
\BOOKMARK [2][-]{subsection.4.1}{\376\377\000S\001\241\000\040\001\021\036\323\000\040\000t\036\325\000n\000g\000\040\000t\000h\036\303}{section.4}% 9
\BOOKMARK [2][-]{subsection.4.2}{\376\377\000T\000h\001\260\000\040\000m\036\345\000c\000\040\000v\000\340\000\040\000c\000\341\000c\000\040\000m\000o\000d\000u\000l\000e\000s\000\040\000c\000h\000\355\000n\000h}{section.4}% 10
\BOOKMARK [1][-]{section.5}{\376\377\000C\000h\000i\000\040\000t\000i\036\277\000t\000\040\000c\000h\036\351\000c\000\040\000n\001\003\000n\000g\000\040\000v\000\340\000\040\000k\036\371\000\040\000t\000h\000u\036\255\000t\000\040\000b\036\243\000o\000\040\000m\036\255\000t}{}% 11
\BOOKMARK [2][-]{subsection.5.1}{\376\377\001\020\001\003\000n\000g\000\040\000k\000\375\000\040\000t\000\340\000i\000\040\000k\000h\000o\036\243\000n\000\040\000n\000g\001\260\036\335\000i\000\040\000d\000\371\000n\000g}{section.5}% 12
\BOOKMARK [2][-]{subsection.5.2}{\376\377\001\020\001\003\000n\000g\000\040\000n\000h\036\255\000p\000\040\000v\000\340\000\040\000X\000\341\000c\000\040\000t\000h\036\361\000c\000\040\001\021\000a\000\040\000y\036\277\000u\000\040\000t\036\321\000\040\000\050\000M\000F\000A\000\051}{section.5}% 13
\BOOKMARK [2][-]{subsection.5.3}{\376\377\000Q\000u\036\243\000n\000\040\000l\000\375\000\040\000k\000h\000o\000\341\000\040\000R\000S\000A\000\040\000c\000\341\000\040\000n\000h\000\342\000n}{section.5}% 14
\BOOKMARK [2][-]{subsection.5.4}{\376\377\000Q\000R\000\040\000C\000o\000d\000e\000\040\000P\000u\000b\000l\000i\000c\000\040\000K\000e\000y}{section.5}% 15
\BOOKMARK [2][-]{subsection.5.5}{\376\377\000C\036\255\000p\000\040\000n\000h\036\255\000t\000\040\000t\000h\000\364\000n\000g\000\040\000t\000i\000n\000\040\000t\000\340\000i\000\040\000k\000h\000o\036\243\000n}{section.5}% 16
\BOOKMARK [2][-]{subsection.5.6}{\376\377\000M\000\343\000\040\000h\000o\000\341\000\040\000t\036\255\000p\000\040\000t\000i\000n\000\040\000g\036\355\000i\000\040\000n\000g\001\260\036\335\000i\000\040\000k\000h\000\341\000c}{section.5}% 17
\BOOKMARK [2][-]{subsection.5.7}{\376\377\000G\000i\036\243\000i\000\040\000m\000\343\000\040\000t\036\255\000p\000\040\000t\000i\000n}{section.5}% 18
\BOOKMARK [2][-]{subsection.5.8}{\376\377\000K\000\375\000\040\000s\036\321\000\040\000t\036\255\000p\000\040\000t\000i\000n}{section.5}% 19
\BOOKMARK [2][-]{subsection.5.9}{\376\377\000X\000\341\000c\000\040\000m\000i\000n\000h\000\040\000c\000h\036\357\000\040\000k\000\375}{section.5}% 20
\BOOKMARK [2][-]{subsection.5.10}{\376\377\000P\000h\000\342\000n\000\040\000q\000u\000y\036\301\000n\000\040\000t\000\340\000i\000\040\000k\000h\000o\036\243\000n}{section.5}% 21
\BOOKMARK [2][-]{subsection.5.11}{\376\377\000G\000h\000i\000\040\000l\000o\000g\000\040\000b\036\243\000o\000\040\000m\036\255\000t}{section.5}% 22
\BOOKMARK [2][-]{subsection.5.12}{\376\377\000C\000h\000i\000a\000\040\000n\000h\036\317\000\040\000t\036\255\000p\000\040\000t\000i\000n\000\040\000l\036\333\000n}{section.5}% 23
\BOOKMARK [2][-]{subsection.5.13}{\376\377\000K\000i\036\303\000m\000\040\000t\000r\000a\000\040\000t\000r\036\241\000n\000g\000\040\000t\000h\000\341\000i\000\040\000k\000h\000o\000\341}{section.5}% 24
\BOOKMARK [2][-]{subsection.5.14}{\376\377\000T\000\354\000m\000\040\000k\000i\036\277\000m\000\040\000p\000u\000b\000l\000i\000c\000\040\000k\000e\000y}{section.5}% 25
\BOOKMARK [2][-]{subsection.5.15}{\376\377\000G\000i\036\333\000i\000\040\000h\036\241\000n\000\040\001\021\001\003\000n\000g\000\040\000n\000h\036\255\000p}{section.5}% 26
\BOOKMARK [2][-]{subsection.5.16}{\376\377\000T\000\371\000y\000\040\000c\000h\036\315\000n\000\040\001\021\036\313\000n\000h\000\040\000d\036\241\000n\000g\000\040\000l\001\260\000u\000\040\000f\000i\000l\000e}{section.5}% 27
\BOOKMARK [2][-]{subsection.5.17}{\376\377\000K\000h\000\364\000i\000\040\000p\000h\036\345\000c\000\040\000t\000\340\000i\000\040\000k\000h\000o\036\243\000n}{section.5}% 28
\BOOKMARK [1][-]{section.6}{\376\377\000K\000i\036\303\000m\000\040\000t\000h\036\355\000\040\036\351\000n\000g\000\040\000d\036\345\000n\000g}{}% 29
\BOOKMARK [1][-]{section*.86}{\376\377\000T\000\340\000i\000\040\000l\000i\036\307\000u\000\040\000t\000h\000a\000m\000\040\000k\000h\036\243\000o}{}% 30
