[2025-07-10 07:54:37] [INFO] [digital_signature]: Signed Duy_Resume_official.pdf successfully and saved to data/signature\Duy_Resume_official.pdf.sig.
[2025-07-10 07:56:39] [INFO] [digital_signature]: Verified signature for Duy_Resume_official.pdf successfully.
[2025-07-10 07:59:23] [INFO] [digital_signature]: Verified signature for Duy_Resume_official.pdf successfully.
[2025-07-11 10:50:51] [INFO] [digital_signature]: Signed Duy_Resume_official.pdf successfully and saved to data/signature\Duy_Resume_official.pdf.sig.
[2025-07-11 10:50:59] [INFO] [digital_signature]: Signed Duy_Resume_official.pdf successfully and saved to data/signature\Duy_Resume_official.pdf.sig.
[2025-07-11 10:51:15] [INFO] [digital_signature]: Signed Duy_Resume_official.pdf successfully and saved to data/signature\Duy_Resume_official.pdf.sig.
[2025-07-11 10:51:36] [INFO] [digital_signature]: Signed Duy_Resume_official.pdf successfully and saved to data/signature\Duy_Resume_official.pdf.sig.
[2025-07-11 11:02:56] [INFO] [digital_signature]: Verified signature for Duy_Resume_official.pdf successfully.
[2025-07-11 11:03:02] [INFO] [digital_signature]: Verified signature for Duy_Resume_official.pdf successfully.
[2025-07-11 11:03:40] [WARNING] [digital_signature]: Failed to verify signature for AIoT-Group5-Slide.pptx.pdf.
[2025-07-11 11:03:44] [WARNING] [digital_signature]: Failed to verify signature for AIoT-Group5-Slide.pptx.pdf.
[2025-07-11 11:03:46] [WARNING] [digital_signature]: Failed to verify signature for AIoT-Group5-Slide.pptx.pdf.
[2025-07-11 11:04:23] [WARNING] [digital_signature]: Failed to verify signature for Secure_Vault.pdf.
[2025-07-11 11:06:49] [WARNING] [digital_signature]: Failed to verify signature for Secure_Vault.pdf.
[2025-07-11 11:07:06] [WARNING] [digital_signature]: Failed to verify signature for Secure_Vault.pdf.
[2025-07-11 11:07:36] [WARNING] [digital_signature]: Failed to verify signature for Secure_Vault.pdf.
[2025-07-11 19:37:45] [INFO] [digital_signature]: Verified signature for Duy_Resume_official.pdf successfully.
[2025-07-11 19:37:51] [WARNING] [digital_signature]: Failed to verify signature for Secure_Vault.pdf.
[2025-07-12 23:18:31] [INFO] [digital_signature]: Signed Secure_Vault.pdf successfully and saved to data/signature\Secure_Vault.pdf.sig.
[2025-07-12 23:19:47] [INFO] [digital_signature]: Verified signature for Secure_Vault.pdf successfully.
[2025-07-13 14:29:44] [INFO] [digital_signature]: Signed Secure_Vault.pdf successfully and saved to data/signature\Secure_Vault.pdf.sig.
[2025-07-13 14:31:22] [WARNING] [digital_signature]: Failed to verify signature for Secure_Vault.pdf.
[2025-07-13 14:33:05] [INFO] [digital_signature]: Signed Secure_Vault.pdf successfully and saved to data/signature\Secure_Vault.pdf.sig.
[2025-07-13 14:34:49] [WARNING] [digital_signature]: Failed to verify signature for Secure_Vault.pdf.
[2025-07-13 14:37:51] [INFO] [digital_signature]: Signed Secure_Vault.pdf successfully and saved to data/signature\Secure_Vault.pdf.sig.
[2025-07-13 14:39:51] [INFO] [digital_signature]: Verified signature for Secure_Vault.pdf successfully.
[2025-07-13 14:54:21] [INFO] [digital_signature]: Signed Secure_Vault.pdf successfully and saved to data/signature\Secure_Vault.pdf.sig.
[2025-07-13 14:55:01] [INFO] [digital_signature]: Verified signature for Secure_Vault.pdf successfully.
[2025-07-13 14:55:22] [INFO] [digital_signature]: Verified signature for Secure_Vault.pdf successfully.
[2025-07-13 14:57:31] [INFO] [digital_signature]: Signed Secure_Vault.pdf successfully and saved to data/signature\Secure_Vault.pdf.sig.
[2025-07-13 14:58:00] [WARNING] [digital_signature]: Failed to verify signature for Secure_Vault.pdf.
[2025-07-13 14:58:17] [INFO] [digital_signature]: Verified signature for Secure_Vault.pdf successfully.
